[debug] [2023-07-25T22:15:38.171Z] ----------------------------------------------------------------------
[debug] [2023-07-25T22:15:38.172Z] Command:       C:\Program Files\nodejs\node.exe C:\Users\UTKARSH_LAPTOP\AppData\Roaming\npm\node_modules\firebase-tools\lib\bin\firebase.js init
[debug] [2023-07-25T22:15:38.173Z] CLI Version:   12.4.3
[debug] [2023-07-25T22:15:38.173Z] Platform:      win32
[debug] [2023-07-25T22:15:38.173Z] Node Version:  v18.16.0
[debug] [2023-07-25T22:15:38.174Z] Time:          Wed Jul 26 2023 03:45:38 GMT+0530 (India Standard Time)
[debug] [2023-07-25T22:15:38.174Z] ----------------------------------------------------------------------
[debug] 
[debug] [2023-07-25T22:15:38.284Z] > command requires scopes: ["email","openid","https://www.googleapis.com/auth/cloudplatformprojects.readonly","https://www.googleapis.com/auth/firebase","https://www.googleapis.com/auth/cloud-platform"]
[debug] [2023-07-25T22:15:38.285Z] > authorizing via signed-in user (utkarshprince5816@gmail.com)
[info] 
     ######## #### ########  ######## ########     ###     ######  ########
     ##        ##  ##     ## ##       ##     ##  ##   ##  ##       ##
     ######    ##  ########  ######   ########  #########  ######  ######
     ##        ##  ##    ##  ##       ##     ## ##     ##       ## ##
     ##       #### ##     ## ######## ########  ##     ##  ######  ########

You're about to initialize a Firebase project in this directory:

  D:\New folder (6)\react-challenge-amazon-clone-master

Before we get started, keep in mind:

  * You are initializing within an existing Firebase project directory

[info] 
=== Project Setup
[info] 
[info] First, let's associate this project directory with a Firebase project.
[info] You can create multiple project aliases by running firebase use --add, 
[info] but for now we'll just set up a default project.
[info] 
[debug] [2023-07-25T22:17:24.415Z] Using project from CLI flag: challenge-6333a
[debug] [2023-07-25T22:17:24.418Z] > refreshing access token with scopes: []
[debug] [2023-07-25T22:17:24.421Z] >>> [apiv2][query] POST https://www.googleapis.com/oauth2/v3/token [none]
[debug] [2023-07-25T22:17:24.421Z] >>> [apiv2][body] POST https://www.googleapis.com/oauth2/v3/token [omitted]
[debug] [2023-07-25T22:17:24.798Z] <<< [apiv2][status] POST https://www.googleapis.com/oauth2/v3/token 400
[debug] [2023-07-25T22:17:24.798Z] <<< [apiv2][body] POST https://www.googleapis.com/oauth2/v3/token [omitted]
[debug] [2023-07-25T22:17:24.798Z] >>> [apiv2][query] GET https://firebase.googleapis.com/v1beta1/projects/challenge-6333a [none]
[debug] [2023-07-25T22:17:25.503Z] <<< [apiv2][status] GET https://firebase.googleapis.com/v1beta1/projects/challenge-6333a 401
[debug] [2023-07-25T22:17:25.503Z] <<< [apiv2][body] GET https://firebase.googleapis.com/v1beta1/projects/challenge-6333a {"error":{"code":401,"message":"Request had invalid authentication credentials. Expected OAuth 2 access token, login cookie or other valid authentication credential. See https://developers.google.com/identity/sign-in/web/devconsole-project.","status":"UNAUTHENTICATED"}}
[debug] [2023-07-25T22:17:25.504Z] HTTP Error: 401, Request had invalid authentication credentials. Expected OAuth 2 access token, login cookie or other valid authentication credential. See https://developers.google.com/identity/sign-in/web/devconsole-project.
[debug] [2023-07-25T22:17:26.096Z] FirebaseError: HTTP Error: 401, Request had invalid authentication credentials. Expected OAuth 2 access token, login cookie or other valid authentication credential. See https://developers.google.com/identity/sign-in/web/devconsole-project.
    at responseToError (C:\Users\UTKARSH_LAPTOP\AppData\Roaming\npm\node_modules\firebase-tools\lib\responseToError.js:49:12)
    at RetryOperation._fn (C:\Users\UTKARSH_LAPTOP\AppData\Roaming\npm\node_modules\firebase-tools\lib\apiv2.js:288:77)
    at process.processTicksAndRejections (node:internal/process/task_queues:95:5)
[error] 
[error] Error: Failed to get Firebase project challenge-6333a. Please make sure the project exists and your account has permission to access it.
[debug] [2023-07-25T22:17:53.180Z] ----------------------------------------------------------------------
[debug] [2023-07-25T22:17:53.182Z] Command:       C:\Program Files\nodejs\node.exe C:\Users\UTKARSH_LAPTOP\AppData\Roaming\npm\node_modules\firebase-tools\lib\bin\firebase.js init
[debug] [2023-07-25T22:17:53.182Z] CLI Version:   12.4.3
[debug] [2023-07-25T22:17:53.183Z] Platform:      win32
[debug] [2023-07-25T22:17:53.183Z] Node Version:  v18.16.0
[debug] [2023-07-25T22:17:53.183Z] Time:          Wed Jul 26 2023 03:47:53 GMT+0530 (India Standard Time)
[debug] [2023-07-25T22:17:53.183Z] ----------------------------------------------------------------------
[debug] 
[debug] [2023-07-25T22:17:53.260Z] > command requires scopes: ["email","openid","https://www.googleapis.com/auth/cloudplatformprojects.readonly","https://www.googleapis.com/auth/firebase","https://www.googleapis.com/auth/cloud-platform"]
[debug] [2023-07-25T22:17:53.261Z] > authorizing via signed-in user (utkarshprince5816@gmail.com)
[info] 
     ######## #### ########  ######## ########     ###     ######  ########
     ##        ##  ##     ## ##       ##     ##  ##   ##  ##       ##
     ######    ##  ########  ######   ########  #########  ######  ######
     ##        ##  ##    ##  ##       ##     ## ##     ##       ## ##
     ##       #### ##     ## ######## ########  ##     ##  ######  ########

You're about to initialize a Firebase project in this directory:

  D:\New folder (6)\react-challenge-amazon-clone-master

Before we get started, keep in mind:

  * You are initializing within an existing Firebase project directory

[info] 
=== Project Setup
[info] 
[info] First, let's associate this project directory with a Firebase project.
[info] You can create multiple project aliases by running firebase use --add, 
[info] but for now we'll just set up a default project.
[info] 
[debug] [2023-07-25T22:18:15.059Z] Using project from CLI flag: challenge-6333a
[debug] [2023-07-25T22:18:15.061Z] > refreshing access token with scopes: []
[debug] [2023-07-25T22:18:15.063Z] >>> [apiv2][query] POST https://www.googleapis.com/oauth2/v3/token [none]
[debug] [2023-07-25T22:18:15.063Z] >>> [apiv2][body] POST https://www.googleapis.com/oauth2/v3/token [omitted]
[debug] [2023-07-25T22:18:15.565Z] <<< [apiv2][status] POST https://www.googleapis.com/oauth2/v3/token 400
[debug] [2023-07-25T22:18:15.565Z] <<< [apiv2][body] POST https://www.googleapis.com/oauth2/v3/token [omitted]
[debug] [2023-07-25T22:18:15.565Z] >>> [apiv2][query] GET https://firebase.googleapis.com/v1beta1/projects/challenge-6333a [none]
[debug] [2023-07-25T22:18:16.251Z] <<< [apiv2][status] GET https://firebase.googleapis.com/v1beta1/projects/challenge-6333a 401
[debug] [2023-07-25T22:18:16.252Z] <<< [apiv2][body] GET https://firebase.googleapis.com/v1beta1/projects/challenge-6333a {"error":{"code":401,"message":"Request had invalid authentication credentials. Expected OAuth 2 access token, login cookie or other valid authentication credential. See https://developers.google.com/identity/sign-in/web/devconsole-project.","status":"UNAUTHENTICATED"}}
[debug] [2023-07-25T22:18:16.252Z] HTTP Error: 401, Request had invalid authentication credentials. Expected OAuth 2 access token, login cookie or other valid authentication credential. See https://developers.google.com/identity/sign-in/web/devconsole-project.
[debug] [2023-07-25T22:18:16.583Z] FirebaseError: HTTP Error: 401, Request had invalid authentication credentials. Expected OAuth 2 access token, login cookie or other valid authentication credential. See https://developers.google.com/identity/sign-in/web/devconsole-project.
    at responseToError (C:\Users\UTKARSH_LAPTOP\AppData\Roaming\npm\node_modules\firebase-tools\lib\responseToError.js:49:12)
    at RetryOperation._fn (C:\Users\UTKARSH_LAPTOP\AppData\Roaming\npm\node_modules\firebase-tools\lib\apiv2.js:288:77)
    at process.processTicksAndRejections (node:internal/process/task_queues:95:5)
[error] 
[error] Error: Failed to get Firebase project challenge-6333a. Please make sure the project exists and your account has permission to access it.
